<?xml version="1.0" encoding="UTF-8"?>
<testsuite xmlns:xsi="http://www.w3.org/2001/XMLSchema-instance" xsi:noNamespaceSchemaLocation="https://maven.apache.org/surefire/maven-surefire-plugin/xsd/surefire-test-report.xsd" name="com.roboterh.fastjsondemo.ApplicationTests" time="2.669" tests="1" errors="0" skipped="0" failures="0">
  <properties>
    <property name="sun.desktop" value="windows"/>
    <property name="awt.toolkit" value="sun.awt.windows.WToolkit"/>
    <property name="file.encoding.pkg" value="sun.io"/>
    <property name="java.specification.version" value="1.8"/>
    <property name="sun.cpu.isalist" value="amd64"/>
    <property name="sun.jnu.encoding" value="GBK"/>
    <property name="java.class.path" value="E:\ProjectForJava\fastjson-1.2.68-RCE\target\test-classes;E:\ProjectForJava\fastjson-1.2.68-RCE\target\classes;E:\m2\repository\org\springframework\boot\spring-boot-starter-web\2.5.0\spring-boot-starter-web-2.5.0.jar;E:\m2\repository\org\springframework\boot\spring-boot-starter\2.5.0\spring-boot-starter-2.5.0.jar;E:\m2\repository\org\springframework\boot\spring-boot\2.5.0\spring-boot-2.5.0.jar;E:\m2\repository\org\springframework\boot\spring-boot-autoconfigure\2.5.0\spring-boot-autoconfigure-2.5.0.jar;E:\m2\repository\org\springframework\boot\spring-boot-starter-logging\2.5.0\spring-boot-starter-logging-2.5.0.jar;E:\m2\repository\ch\qos\logback\logback-classic\1.2.3\logback-classic-1.2.3.jar;E:\m2\repository\ch\qos\logback\logback-core\1.2.3\logback-core-1.2.3.jar;E:\m2\repository\org\apache\logging\log4j\log4j-to-slf4j\2.14.1\log4j-to-slf4j-2.14.1.jar;E:\m2\repository\org\apache\logging\log4j\log4j-api\2.14.1\log4j-api-2.14.1.jar;E:\m2\repository\org\slf4j\jul-to-slf4j\1.7.30\jul-to-slf4j-1.7.30.jar;E:\m2\repository\jakarta\annotation\jakarta.annotation-api\1.3.5\jakarta.annotation-api-1.3.5.jar;E:\m2\repository\org\yaml\snakeyaml\1.28\snakeyaml-1.28.jar;E:\m2\repository\org\springframework\boot\spring-boot-starter-json\2.5.0\spring-boot-starter-json-2.5.0.jar;E:\m2\repository\com\fasterxml\jackson\core\jackson-databind\2.12.3\jackson-databind-2.12.3.jar;E:\m2\repository\com\fasterxml\jackson\core\jackson-annotations\2.12.3\jackson-annotations-2.12.3.jar;E:\m2\repository\com\fasterxml\jackson\core\jackson-core\2.12.3\jackson-core-2.12.3.jar;E:\m2\repository\com\fasterxml\jackson\datatype\jackson-datatype-jdk8\2.12.3\jackson-datatype-jdk8-2.12.3.jar;E:\m2\repository\com\fasterxml\jackson\datatype\jackson-datatype-jsr310\2.12.3\jackson-datatype-jsr310-2.12.3.jar;E:\m2\repository\com\fasterxml\jackson\module\jackson-module-parameter-names\2.12.3\jackson-module-parameter-names-2.12.3.jar;E:\m2\repository\org\springframework\boot\spring-boot-starter-tomcat\2.5.0\spring-boot-starter-tomcat-2.5.0.jar;E:\m2\repository\org\apache\tomcat\embed\tomcat-embed-core\9.0.46\tomcat-embed-core-9.0.46.jar;E:\m2\repository\org\apache\tomcat\embed\tomcat-embed-el\9.0.46\tomcat-embed-el-9.0.46.jar;E:\m2\repository\org\apache\tomcat\embed\tomcat-embed-websocket\9.0.46\tomcat-embed-websocket-9.0.46.jar;E:\m2\repository\org\springframework\spring-web\5.3.7\spring-web-5.3.7.jar;E:\m2\repository\org\springframework\spring-beans\5.3.7\spring-beans-5.3.7.jar;E:\m2\repository\org\springframework\spring-webmvc\5.3.7\spring-webmvc-5.3.7.jar;E:\m2\repository\org\springframework\spring-aop\5.3.7\spring-aop-5.3.7.jar;E:\m2\repository\org\springframework\spring-context\5.3.7\spring-context-5.3.7.jar;E:\m2\repository\org\springframework\spring-expression\5.3.7\spring-expression-5.3.7.jar;E:\m2\repository\org\springframework\boot\spring-boot-starter-test\2.5.0\spring-boot-starter-test-2.5.0.jar;E:\m2\repository\org\springframework\boot\spring-boot-test\2.5.0\spring-boot-test-2.5.0.jar;E:\m2\repository\org\springframework\boot\spring-boot-test-autoconfigure\2.5.0\spring-boot-test-autoconfigure-2.5.0.jar;E:\m2\repository\com\jayway\jsonpath\json-path\2.5.0\json-path-2.5.0.jar;E:\m2\repository\net\minidev\json-smart\2.4.7\json-smart-2.4.7.jar;E:\m2\repository\net\minidev\accessors-smart\2.4.7\accessors-smart-2.4.7.jar;E:\m2\repository\org\slf4j\slf4j-api\1.7.30\slf4j-api-1.7.30.jar;E:\m2\repository\jakarta\xml\bind\jakarta.xml.bind-api\2.3.3\jakarta.xml.bind-api-2.3.3.jar;E:\m2\repository\jakarta\activation\jakarta.activation-api\1.2.2\jakarta.activation-api-1.2.2.jar;E:\m2\repository\org\assertj\assertj-core\3.19.0\assertj-core-3.19.0.jar;E:\m2\repository\org\hamcrest\hamcrest\2.2\hamcrest-2.2.jar;E:\m2\repository\org\junit\jupiter\junit-jupiter\5.7.2\junit-jupiter-5.7.2.jar;E:\m2\repository\org\junit\jupiter\junit-jupiter-api\5.7.2\junit-jupiter-api-5.7.2.jar;E:\m2\repository\org\apiguardian\apiguardian-api\1.1.0\apiguardian-api-1.1.0.jar;E:\m2\repository\org\opentest4j\opentest4j\1.2.0\opentest4j-1.2.0.jar;E:\m2\repository\org\junit\platform\junit-platform-commons\1.7.2\junit-platform-commons-1.7.2.jar;E:\m2\repository\org\junit\jupiter\junit-jupiter-params\5.7.2\junit-jupiter-params-5.7.2.jar;E:\m2\repository\org\junit\jupiter\junit-jupiter-engine\5.7.2\junit-jupiter-engine-5.7.2.jar;E:\m2\repository\org\junit\platform\junit-platform-engine\1.7.2\junit-platform-engine-1.7.2.jar;E:\m2\repository\org\mockito\mockito-core\3.9.0\mockito-core-3.9.0.jar;E:\m2\repository\net\bytebuddy\byte-buddy\1.10.22\byte-buddy-1.10.22.jar;E:\m2\repository\net\bytebuddy\byte-buddy-agent\1.10.22\byte-buddy-agent-1.10.22.jar;E:\m2\repository\org\mockito\mockito-junit-jupiter\3.9.0\mockito-junit-jupiter-3.9.0.jar;E:\m2\repository\org\skyscreamer\jsonassert\1.5.0\jsonassert-1.5.0.jar;E:\m2\repository\com\vaadin\external\google\android-json\0.0.20131108.vaadin1\android-json-0.0.20131108.vaadin1.jar;E:\m2\repository\org\springframework\spring-core\5.3.7\spring-core-5.3.7.jar;E:\m2\repository\org\springframework\spring-jcl\5.3.7\spring-jcl-5.3.7.jar;E:\m2\repository\org\springframework\spring-test\5.3.7\spring-test-5.3.7.jar;E:\m2\repository\org\xmlunit\xmlunit-core\2.8.2\xmlunit-core-2.8.2.jar;E:\m2\repository\org\aspectj\aspectjtools\1.9.5\aspectjtools-1.9.5.jar;E:\m2\repository\com\esotericsoftware\kryo\4.0.0\kryo-4.0.0.jar;E:\m2\repository\com\esotericsoftware\reflectasm\1.11.3\reflectasm-1.11.3.jar;E:\m2\repository\org\ow2\asm\asm\5.0.4\asm-5.0.4.jar;E:\m2\repository\com\esotericsoftware\minlog\1.3.0\minlog-1.3.0.jar;E:\m2\repository\org\objenesis\objenesis\2.2\objenesis-2.2.jar;E:\m2\repository\com\sleepycat\je\18.3.12\je-18.3.12.jar;E:\m2\repository\commons-io\commons-io\2.1\commons-io-2.1.jar;E:\m2\repository\com\alibaba\fastjson\1.2.68\fastjson-1.2.68.jar;"/>
    <property name="java.vm.vendor" value="Oracle Corporation"/>
    <property name="sun.arch.data.model" value="64"/>
    <property name="user.variant" value=""/>
    <property name="java.vendor.url" value="http://java.oracle.com/"/>
    <property name="user.timezone" value="Asia/Shanghai"/>
    <property name="java.vm.specification.version" value="1.8"/>
    <property name="os.name" value="Windows 10"/>
    <property name="user.country" value="CN"/>
    <property name="sun.java.launcher" value="SUN_STANDARD"/>
    <property name="sun.boot.library.path" value="D:\java\JDK8\jre\bin"/>
    <property name="sun.java.command" value="C:\Users\H\AppData\Local\Temp\surefire8990250808725739939\surefirebooter8371573876484315848.jar C:\Users\H\AppData\Local\Temp\surefire8990250808725739939 2022-07-16T14-39-24_806-jvmRun1 surefire1710972585550892620tmp surefire_04328564442489882851tmp"/>
    <property name="surefire.test.class.path" value="E:\ProjectForJava\fastjson-1.2.68-RCE\target\test-classes;E:\ProjectForJava\fastjson-1.2.68-RCE\target\classes;E:\m2\repository\org\springframework\boot\spring-boot-starter-web\2.5.0\spring-boot-starter-web-2.5.0.jar;E:\m2\repository\org\springframework\boot\spring-boot-starter\2.5.0\spring-boot-starter-2.5.0.jar;E:\m2\repository\org\springframework\boot\spring-boot\2.5.0\spring-boot-2.5.0.jar;E:\m2\repository\org\springframework\boot\spring-boot-autoconfigure\2.5.0\spring-boot-autoconfigure-2.5.0.jar;E:\m2\repository\org\springframework\boot\spring-boot-starter-logging\2.5.0\spring-boot-starter-logging-2.5.0.jar;E:\m2\repository\ch\qos\logback\logback-classic\1.2.3\logback-classic-1.2.3.jar;E:\m2\repository\ch\qos\logback\logback-core\1.2.3\logback-core-1.2.3.jar;E:\m2\repository\org\apache\logging\log4j\log4j-to-slf4j\2.14.1\log4j-to-slf4j-2.14.1.jar;E:\m2\repository\org\apache\logging\log4j\log4j-api\2.14.1\log4j-api-2.14.1.jar;E:\m2\repository\org\slf4j\jul-to-slf4j\1.7.30\jul-to-slf4j-1.7.30.jar;E:\m2\repository\jakarta\annotation\jakarta.annotation-api\1.3.5\jakarta.annotation-api-1.3.5.jar;E:\m2\repository\org\yaml\snakeyaml\1.28\snakeyaml-1.28.jar;E:\m2\repository\org\springframework\boot\spring-boot-starter-json\2.5.0\spring-boot-starter-json-2.5.0.jar;E:\m2\repository\com\fasterxml\jackson\core\jackson-databind\2.12.3\jackson-databind-2.12.3.jar;E:\m2\repository\com\fasterxml\jackson\core\jackson-annotations\2.12.3\jackson-annotations-2.12.3.jar;E:\m2\repository\com\fasterxml\jackson\core\jackson-core\2.12.3\jackson-core-2.12.3.jar;E:\m2\repository\com\fasterxml\jackson\datatype\jackson-datatype-jdk8\2.12.3\jackson-datatype-jdk8-2.12.3.jar;E:\m2\repository\com\fasterxml\jackson\datatype\jackson-datatype-jsr310\2.12.3\jackson-datatype-jsr310-2.12.3.jar;E:\m2\repository\com\fasterxml\jackson\module\jackson-module-parameter-names\2.12.3\jackson-module-parameter-names-2.12.3.jar;E:\m2\repository\org\springframework\boot\spring-boot-starter-tomcat\2.5.0\spring-boot-starter-tomcat-2.5.0.jar;E:\m2\repository\org\apache\tomcat\embed\tomcat-embed-core\9.0.46\tomcat-embed-core-9.0.46.jar;E:\m2\repository\org\apache\tomcat\embed\tomcat-embed-el\9.0.46\tomcat-embed-el-9.0.46.jar;E:\m2\repository\org\apache\tomcat\embed\tomcat-embed-websocket\9.0.46\tomcat-embed-websocket-9.0.46.jar;E:\m2\repository\org\springframework\spring-web\5.3.7\spring-web-5.3.7.jar;E:\m2\repository\org\springframework\spring-beans\5.3.7\spring-beans-5.3.7.jar;E:\m2\repository\org\springframework\spring-webmvc\5.3.7\spring-webmvc-5.3.7.jar;E:\m2\repository\org\springframework\spring-aop\5.3.7\spring-aop-5.3.7.jar;E:\m2\repository\org\springframework\spring-context\5.3.7\spring-context-5.3.7.jar;E:\m2\repository\org\springframework\spring-expression\5.3.7\spring-expression-5.3.7.jar;E:\m2\repository\org\springframework\boot\spring-boot-starter-test\2.5.0\spring-boot-starter-test-2.5.0.jar;E:\m2\repository\org\springframework\boot\spring-boot-test\2.5.0\spring-boot-test-2.5.0.jar;E:\m2\repository\org\springframework\boot\spring-boot-test-autoconfigure\2.5.0\spring-boot-test-autoconfigure-2.5.0.jar;E:\m2\repository\com\jayway\jsonpath\json-path\2.5.0\json-path-2.5.0.jar;E:\m2\repository\net\minidev\json-smart\2.4.7\json-smart-2.4.7.jar;E:\m2\repository\net\minidev\accessors-smart\2.4.7\accessors-smart-2.4.7.jar;E:\m2\repository\org\slf4j\slf4j-api\1.7.30\slf4j-api-1.7.30.jar;E:\m2\repository\jakarta\xml\bind\jakarta.xml.bind-api\2.3.3\jakarta.xml.bind-api-2.3.3.jar;E:\m2\repository\jakarta\activation\jakarta.activation-api\1.2.2\jakarta.activation-api-1.2.2.jar;E:\m2\repository\org\assertj\assertj-core\3.19.0\assertj-core-3.19.0.jar;E:\m2\repository\org\hamcrest\hamcrest\2.2\hamcrest-2.2.jar;E:\m2\repository\org\junit\jupiter\junit-jupiter\5.7.2\junit-jupiter-5.7.2.jar;E:\m2\repository\org\junit\jupiter\junit-jupiter-api\5.7.2\junit-jupiter-api-5.7.2.jar;E:\m2\repository\org\apiguardian\apiguardian-api\1.1.0\apiguardian-api-1.1.0.jar;E:\m2\repository\org\opentest4j\opentest4j\1.2.0\opentest4j-1.2.0.jar;E:\m2\repository\org\junit\platform\junit-platform-commons\1.7.2\junit-platform-commons-1.7.2.jar;E:\m2\repository\org\junit\jupiter\junit-jupiter-params\5.7.2\junit-jupiter-params-5.7.2.jar;E:\m2\repository\org\junit\jupiter\junit-jupiter-engine\5.7.2\junit-jupiter-engine-5.7.2.jar;E:\m2\repository\org\junit\platform\junit-platform-engine\1.7.2\junit-platform-engine-1.7.2.jar;E:\m2\repository\org\mockito\mockito-core\3.9.0\mockito-core-3.9.0.jar;E:\m2\repository\net\bytebuddy\byte-buddy\1.10.22\byte-buddy-1.10.22.jar;E:\m2\repository\net\bytebuddy\byte-buddy-agent\1.10.22\byte-buddy-agent-1.10.22.jar;E:\m2\repository\org\mockito\mockito-junit-jupiter\3.9.0\mockito-junit-jupiter-3.9.0.jar;E:\m2\repository\org\skyscreamer\jsonassert\1.5.0\jsonassert-1.5.0.jar;E:\m2\repository\com\vaadin\external\google\android-json\0.0.20131108.vaadin1\android-json-0.0.20131108.vaadin1.jar;E:\m2\repository\org\springframework\spring-core\5.3.7\spring-core-5.3.7.jar;E:\m2\repository\org\springframework\spring-jcl\5.3.7\spring-jcl-5.3.7.jar;E:\m2\repository\org\springframework\spring-test\5.3.7\spring-test-5.3.7.jar;E:\m2\repository\org\xmlunit\xmlunit-core\2.8.2\xmlunit-core-2.8.2.jar;E:\m2\repository\org\aspectj\aspectjtools\1.9.5\aspectjtools-1.9.5.jar;E:\m2\repository\com\esotericsoftware\kryo\4.0.0\kryo-4.0.0.jar;E:\m2\repository\com\esotericsoftware\reflectasm\1.11.3\reflectasm-1.11.3.jar;E:\m2\repository\org\ow2\asm\asm\5.0.4\asm-5.0.4.jar;E:\m2\repository\com\esotericsoftware\minlog\1.3.0\minlog-1.3.0.jar;E:\m2\repository\org\objenesis\objenesis\2.2\objenesis-2.2.jar;E:\m2\repository\com\sleepycat\je\18.3.12\je-18.3.12.jar;E:\m2\repository\commons-io\commons-io\2.1\commons-io-2.1.jar;E:\m2\repository\com\alibaba\fastjson\1.2.68\fastjson-1.2.68.jar;"/>
    <property name="sun.cpu.endian" value="little"/>
    <property name="user.home" value="C:\Users\H"/>
    <property name="user.language" value="zh"/>
    <property name="java.specification.vendor" value="Oracle Corporation"/>
    <property name="java.home" value="D:\java\JDK8\jre"/>
    <property name="basedir" value="E:\ProjectForJava\fastjson-1.2.68-RCE"/>
    <property name="file.separator" value="\"/>
    <property name="line.separator" value="&#10;"/>
    <property name="java.vm.specification.vendor" value="Oracle Corporation"/>
    <property name="java.specification.name" value="Java Platform API Specification"/>
    <property name="java.awt.graphicsenv" value="sun.awt.Win32GraphicsEnvironment"/>
    <property name="surefire.real.class.path" value="C:\Users\H\AppData\Local\Temp\surefire8990250808725739939\surefirebooter8371573876484315848.jar"/>
    <property name="sun.boot.class.path" value="D:\java\JDK8\jre\lib\resources.jar;D:\java\JDK8\jre\lib\rt.jar;D:\java\JDK8\jre\lib\sunrsasign.jar;D:\java\JDK8\jre\lib\jsse.jar;D:\java\JDK8\jre\lib\jce.jar;D:\java\JDK8\jre\lib\charsets.jar;D:\java\JDK8\jre\lib\jfr.jar;D:\java\JDK8\jre\classes"/>
    <property name="user.script" value=""/>
    <property name="sun.management.compiler" value="HotSpot 64-Bit Tiered Compilers"/>
    <property name="java.runtime.version" value="1.8.0_202-b08"/>
    <property name="user.name" value="H"/>
    <property name="path.separator" value=";"/>
    <property name="os.version" value="10.0"/>
    <property name="java.endorsed.dirs" value="D:\java\JDK8\jre\lib\endorsed"/>
    <property name="java.runtime.name" value="Java(TM) SE Runtime Environment"/>
    <property name="file.encoding" value="GBK"/>
    <property name="java.vm.name" value="Java HotSpot(TM) 64-Bit Server VM"/>
    <property name="localRepository" value="E:\m2\repository"/>
    <property name="java.vendor.url.bug" value="http://bugreport.sun.com/bugreport/"/>
    <property name="java.io.tmpdir" value="C:\Users\H\AppData\Local\Temp\"/>
    <property name="idea.version" value="2021.3.1"/>
    <property name="java.version" value="1.8.0_202"/>
    <property name="user.dir" value="E:\ProjectForJava\fastjson-1.2.68-RCE"/>
    <property name="os.arch" value="amd64"/>
    <property name="java.vm.specification.name" value="Java Virtual Machine Specification"/>
    <property name="java.awt.printerjob" value="sun.awt.windows.WPrinterJob"/>
    <property name="sun.os.patch.level" value=""/>
    <property name="java.library.path" value="D:\java\JDK8\jre\bin;C:\Windows\Sun\Java\bin;C:\Windows\system32;C:\Windows;D:\Vmware\bin\;C:\Python27;C:\Python27\Scripts;C:\Windows\system32;C:\Windows;C:\Windows\System32\Wbem;C:\Windows\System32\WindowsPowerShell\v1.0\;C:\Windows\System32\OpenSSH\;E:\LLVM\bin;D:\phpstudy\PHPTutorial\php\php-7.2.1-nts;C:\ProgramData\ComposerSetup\bin;C:\Program Files\Java\jdk-11.0.8\bin;D:\cmder;D:\xshell\;D:\xftp\;D:\node.js\;E:\ctftools\cypto\yafu-1.34;D:\apache-maven-3.8.5\bin;D:\python 3\Scripts\;D:\python 3\;C:\Users\H\AppData\Local\Microsoft\WindowsApps;E:\Nmap;D:\cmder\vendor\git-for-windows\mingw64\bin;C:\Users\H\AppData\Roaming\Composer\vendor\bin;C:\Users\H\AppData\Roaming\npm;D:\nmap;D:\Go\bin;D:\GeckoDriver;E:\Tesseract;&quot;;C:\Program Files (x86)\mingw64\bin;D:\Program Files (x86)\Dev-Cpp\MinGW64\bin&quot;;."/>
    <property name="java.vm.info" value="mixed mode"/>
    <property name="java.vendor" value="Oracle Corporation"/>
    <property name="java.vm.version" value="25.202-b08"/>
    <property name="java.ext.dirs" value="D:\java\JDK8\jre\lib\ext;C:\Windows\Sun\Java\lib\ext"/>
    <property name="sun.io.unicode.encoding" value="UnicodeLittle"/>
    <property name="java.class.version" value="52.0"/>
  </properties>
  <testcase name="contextLoads" classname="com.roboterh.fastjsondemo.ApplicationTests" time="0.225"/>
</testsuite>